<?xml version="1.0" encoding="UTF-8"?>
<testsuite name="Academy Choucair" tests="1" skipped="0" failures="0" errors="0" timestamp="2021-02-19T01:05:04" hostname="DESKTOP-IFFQ8DQ" time="59.63">
  <properties/>
  <testcase name="Search for a automation Choucair" classname="Academy Choucair" time="59.63"/>
  <system-out><![CDATA[]]></system-out>
  <system-err><![CDATA[[Test worker] WARN net.thucydides.core.steps.BaseStepListener - stepStarted: net.thucydides.core.steps.ExecutedStepDescription@32070e1c
[Test worker] WARN net.thucydides.core.steps.BaseStepListener - stepStarted: net.thucydides.core.steps.ExecutedStepDescription@62e349a1
[Test worker] WARN net.thucydides.core.steps.BaseStepListener - stepStarted: net.thucydides.core.steps.ExecutedStepDescription@36f94adc
feb. 18, 2021 8:05:06 P. M. org.openqa.selenium.remote.DesiredCapabilities chrome
INFORMACIÓN: Using `new ChromeOptions()` is preferred to `DesiredCapabilities.chrome()`
[Test worker] INFO net.serenitybdd.core.webdriver.driverproviders.ProvideNewDriver - Instantiating driver
[Test worker] INFO net.serenitybdd.core.webdriver.driverproviders.ProvideNewDriver - Driver capabilities: Capabilities {acceptInsecureCerts: false, browserName: chrome, chrome.switches: --start-maximized, goog:chromeOptions: {args: [--start-maximized], extensions: []}, loggingPrefs: org.openqa.selenium.logging..., platform: ANY, version: }
Starting ChromeDriver 88.0.4324.96 (68dba2d8a0b149a1d3afac56fa74648032bcf46b-refs/branch-heads/4324@{#1784}) on port 39073
Only local connections are allowed.
Please see https://chromedriver.chromium.org/security-considerations for suggestions on keeping ChromeDriver safe.
ChromeDriver was started successfully.
feb. 18, 2021 8:05:15 P. M. org.openqa.selenium.remote.ProtocolHandshake createSession
INFORMACIÓN: Detected dialect: W3C
[Test worker] WARN net.thucydides.core.steps.BaseStepListener - stepFinished: current outcome:Search for a automation Choucair:Given that Rose wants to learn automation at the academy Choucair
| strUser | strPassword |
| 1061797957 | Choucair2021* | [Rose open up [Rose opens the Choucair academy page]]
[Test worker] WARN net.thucydides.core.steps.BaseStepListener - stepFinished: current outcome:Search for a automation Choucair:Given that Rose wants to learn automation at the academy Choucair
| strUser | strPassword |
| 1061797957 | Choucair2021* | [Rose open up [Rose opens the Choucair academy page]]
[Test worker] WARN net.thucydides.core.steps.BaseStepListener - stepStarted: net.thucydides.core.steps.ExecutedStepDescription@8b717b3
[Test worker] WARN net.thucydides.core.steps.BaseStepListener - stepStarted: net.thucydides.core.steps.ExecutedStepDescription@3faee704
[Test worker] WARN net.thucydides.core.steps.BaseStepListener - stepFinished: current outcome:Search for a automation Choucair:Given that Rose wants to learn automation at the academy Choucair
| strUser | strPassword |
| 1061797957 | Choucair2021* | [Rose open up [Rose opens the Choucair academy page], Rose login [Rose clicks on button that shows us the form to login]]
[Test worker] WARN net.thucydides.core.steps.BaseStepListener - stepStarted: net.thucydides.core.steps.ExecutedStepDescription@678e13c4
[Test worker] WARN net.thucydides.core.steps.BaseStepListener - stepFinished: current outcome:Search for a automation Choucair:Given that Rose wants to learn automation at the academy Choucair
| strUser | strPassword |
| 1061797957 | Choucair2021* | [Rose open up [Rose opens the Choucair academy page], Rose login [Rose clicks on button that shows us the form to login, Rose enters '1061797957' into where do we write tre user]]
[Test worker] WARN net.thucydides.core.steps.BaseStepListener - stepStarted: net.thucydides.core.steps.ExecutedStepDescription@349e874
[Test worker] WARN net.thucydides.core.steps.BaseStepListener - stepFinished: current outcome:Search for a automation Choucair:Given that Rose wants to learn automation at the academy Choucair
| strUser | strPassword |
| 1061797957 | Choucair2021* | [Rose open up [Rose opens the Choucair academy page], Rose login [Rose clicks on button that shows us the form to login, Rose enters '1061797957' into where do we write tre user, Rose enters 'Choucair2021*' into where do we write the password]]
[Test worker] WARN net.thucydides.core.steps.BaseStepListener - stepStarted: net.thucydides.core.steps.ExecutedStepDescription@559949f5
[Test worker] WARN net.thucydides.core.steps.BaseStepListener - stepFinished: current outcome:Search for a automation Choucair:Given that Rose wants to learn automation at the academy Choucair
| strUser | strPassword |
| 1061797957 | Choucair2021* | [Rose open up [Rose opens the Choucair academy page], Rose login [Rose clicks on button that shows us the form to login, Rose enters '1061797957' into where do we write tre user, Rose enters 'Choucair2021*' into where do we write the password, Rose clicks on button to confirm login]]
[Test worker] WARN net.thucydides.core.steps.BaseStepListener - stepFinished: current outcome:Search for a automation Choucair:Given that Rose wants to learn automation at the academy Choucair
| strUser | strPassword |
| 1061797957 | Choucair2021* | [Rose open up [Rose opens the Choucair academy page], Rose login [Rose clicks on button that shows us the form to login, Rose enters '1061797957' into where do we write tre user, Rose enters 'Choucair2021*' into where do we write the password, Rose clicks on button to confirm login]]
[Test worker] WARN net.thucydides.core.steps.BaseStepListener - stepFinished: current outcome:Search for a automation Choucair:Given that Rose wants to learn automation at the academy Choucair
| strUser | strPassword |
| 1061797957 | Choucair2021* | [Rose open up [Rose opens the Choucair academy page], Rose login [Rose clicks on button that shows us the form to login, Rose enters '1061797957' into where do we write tre user, Rose enters 'Choucair2021*' into where do we write the password, Rose clicks on button to confirm login]]
[Test worker] WARN net.thucydides.core.steps.BaseStepListener - stepStarted: net.thucydides.core.steps.ExecutedStepDescription@e34aa23
[Test worker] WARN net.thucydides.core.steps.BaseStepListener - stepStarted: net.thucydides.core.steps.ExecutedStepDescription@2ca29580
[Test worker] WARN net.thucydides.core.steps.BaseStepListener - stepFinished: current outcome:Search for a automation Choucair:Given that Rose wants to learn automation at the academy Choucair
| strUser | strPassword |
| 1061797957 | Choucair2021* | [Rose open up [Rose opens the Choucair academy page], Rose login [Rose clicks on button that shows us the form to login, Rose enters '1061797957' into where do we write tre user, Rose enters 'Choucair2021*' into where do we write the password, Rose clicks on button to confirm login]], When she search for the course on the Choucair Academy platform
| strCourse |
| Prueba Técnica - Analista Bancolombia | [Then answer]
[Test worker] WARN net.thucydides.core.steps.BaseStepListener - stepFinished: current outcome:Search for a automation Choucair:Given that Rose wants to learn automation at the academy Choucair
| strUser | strPassword |
| 1061797957 | Choucair2021* | [Rose open up [Rose opens the Choucair academy page], Rose login [Rose clicks on button that shows us the form to login, Rose enters '1061797957' into where do we write tre user, Rose enters 'Choucair2021*' into where do we write the password, Rose clicks on button to confirm login]], When she search for the course on the Choucair Academy platform
| strCourse |
| Prueba Técnica - Analista Bancolombia | [Then answer]
[Test worker] WARN net.thucydides.core.steps.BaseStepListener - stepStarted: net.thucydides.core.steps.ExecutedStepDescription@17e6f8ed
[Test worker] WARN net.thucydides.core.steps.BaseStepListener - stepStarted: net.thucydides.core.steps.ExecutedStepDescription@4eb816f9
[Test worker] WARN net.thucydides.core.steps.BaseStepListener - stepStarted: net.thucydides.core.steps.ExecutedStepDescription@2fdead8
[Test worker] WARN net.thucydides.core.steps.BaseStepListener - stepFinished: current outcome:Search for a automation Choucair:Given that Rose wants to learn automation at the academy Choucair
| strUser | strPassword |
| 1061797957 | Choucair2021* | [Rose open up [Rose opens the Choucair academy page], Rose login [Rose clicks on button that shows us the form to login, Rose enters '1061797957' into where do we write tre user, Rose enters 'Choucair2021*' into where do we write the password, Rose clicks on button to confirm login]], When she search for the course on the Choucair Academy platform
| strCourse |
| Prueba Técnica - Analista Bancolombia | [Then answer], Then she find the course called
| strCourse |
| Prueba Técnica - Analista Bancolombia | [Rose search [Rose clicks on Da click en el curso]]
[Test worker] WARN net.thucydides.core.steps.BaseStepListener - stepFinished: current outcome:Search for a automation Choucair:Given that Rose wants to learn automation at the academy Choucair
| strUser | strPassword |
| 1061797957 | Choucair2021* | [Rose open up [Rose opens the Choucair academy page], Rose login [Rose clicks on button that shows us the form to login, Rose enters '1061797957' into where do we write tre user, Rose enters 'Choucair2021*' into where do we write the password, Rose clicks on button to confirm login]], When she search for the course on the Choucair Academy platform
| strCourse |
| Prueba Técnica - Analista Bancolombia | [Then answer], Then she find the course called
| strCourse |
| Prueba Técnica - Analista Bancolombia | [Rose search [Rose clicks on Da click en el curso]]
[Test worker] WARN net.thucydides.core.steps.BaseStepListener - stepFinished: current outcome:Search for a automation Choucair:Given that Rose wants to learn automation at the academy Choucair
| strUser | strPassword |
| 1061797957 | Choucair2021* | [Rose open up [Rose opens the Choucair academy page], Rose login [Rose clicks on button that shows us the form to login, Rose enters '1061797957' into where do we write tre user, Rose enters 'Choucair2021*' into where do we write the password, Rose clicks on button to confirm login]], When she search for the course on the Choucair Academy platform
| strCourse |
| Prueba Técnica - Analista Bancolombia | [Then answer], Then she find the course called
| strCourse |
| Prueba Técnica - Analista Bancolombia | [Rose search [Rose clicks on Da click en el curso]]
[Test worker] WARN net.thucydides.core.steps.BaseStepListener - testFinished: Search for a automation Choucair:Given that Rose wants to learn automation at the academy Choucair
| strUser | strPassword |
| 1061797957 | Choucair2021* | [Rose open up [Rose opens the Choucair academy page], Rose login [Rose clicks on button that shows us the form to login, Rose enters '1061797957' into where do we write tre user, Rose enters 'Choucair2021*' into where do we write the password, Rose clicks on button to confirm login]], When she search for the course on the Choucair Academy platform
| strCourse |
| Prueba Técnica - Analista Bancolombia | [Then answer], Then she find the course called
| strCourse |
| Prueba Técnica - Analista Bancolombia | [Rose search [Rose clicks on Da click en el curso]]
[Test worker] WARN net.thucydides.core.steps.BaseStepListener - TestOutcomes: [Search for a automation Choucair:Given that Rose wants to learn automation at the academy Choucair
| strUser | strPassword |
| 1061797957 | Choucair2021* | [Rose open up [Rose opens the Choucair academy page], Rose login [Rose clicks on button that shows us the form to login, Rose enters '1061797957' into where do we write tre user, Rose enters 'Choucair2021*' into where do we write the password, Rose clicks on button to confirm login]], When she search for the course on the Choucair Academy platform
| strCourse |
| Prueba Técnica - Analista Bancolombia | [Then answer], Then she find the course called
| strCourse |
| Prueba Técnica - Analista Bancolombia | [Rose search [Rose clicks on Da click en el curso]]]
[Test worker] WARN net.thucydides.core.steps.BaseStepListener - Final testOutcomes: [Search for a automation Choucair:Given that Rose wants to learn automation at the academy Choucair
| strUser | strPassword |
| 1061797957 | Choucair2021* | [Rose open up [Rose opens the Choucair academy page], Rose login [Rose clicks on button that shows us the form to login, Rose enters '1061797957' into where do we write tre user, Rose enters 'Choucair2021*' into where do we write the password, Rose clicks on button to confirm login]], When she search for the course on the Choucair Academy platform
| strCourse |
| Prueba Técnica - Analista Bancolombia | [Then answer], Then she find the course called
| strCourse |
| Prueba Técnica - Analista Bancolombia | [Rose search [Rose clicks on Da click en el curso]]]
[Test worker] INFO net.thucydides.core.steps.ConsoleLoggingListener - 
        __    _____ _____ ____ _____   ____   _    ____  ____  _____ ____  
  _     \ \  |_   _| ____/ ___|_   _| |  _ \ / \  / ___|/ ___|| ____|  _ \ 
 (_)_____| |   | | |  _| \___ \ | |   | |_) / _ \ \___ \\___ \|  _| | | | |
  _|_____| |   | | | |___ ___) || |   |  __/ ___ \ ___) |___) | |___| |_| |
 (_)     | |   |_| |_____|____/ |_|   |_| /_/   \_\____/|____/|_____|____/ 
        /_/                                                                

TEST PASSED: Search for a automation Choucair
----------------------------------------------------------------------------
]]></system-err>
</testsuite>
